<?xml version="1.0" encoding="UTF-8"?>
<!-- Generated by org.testng.reporters.JUnitXMLReporter -->
<testsuite ignored="0" hostname="NB-124" failures="0" tests="0" name="CucumberTests" time="0.589" errors="0" timestamp="2024-12-26T15:39:27 ART">
  <testcase classname="io.cucumber.testng.AbstractTestNGCucumberTests" name="@BeforeClass setUpClass" time="0.392">
    <failure type="io.cucumber.core.gherkin.FeatureParserException" message="Failed to parse resource at: file:///C:/Users/lnoguera/eclipse-workspace/GO-selenium-automation/src/test/resources/features/promociones/altaPromocion.feature
(8:1): expected: #EOF, #TableRow, #DocStringSeparator, #StepLine, #TagLine, #ScenarioLine, #RuleLine, #Comment, #Empty, got &amp;apos;Alta de promocion MasterCard&amp;apos;">
      <![CDATA[io.cucumber.core.gherkin.FeatureParserException: Failed to parse resource at: file:///C:/Users/lnoguera/eclipse-workspace/GO-selenium-automation/src/test/resources/features/promociones/altaPromocion.feature
(8:1): expected: #EOF, #TableRow, #DocStringSeparator, #StepLine, #TagLine, #ScenarioLine, #RuleLine, #Comment, #Empty, got 'Alta de promocion MasterCard'
at io.cucumber.core.gherkin.messages.GherkinMessagesFeatureParser.parse(GherkinMessagesFeatureParser.java:56)
at io.cucumber.core.feature.FeatureParser.parseResource(FeatureParser.java:46)
at java.base/java.util.function.BiFunction.lambda$andThen$0(BiFunction.java:70)
at io.cucumber.core.resource.ResourceScanner.lambda$processResource$1(ResourceScanner.java:79)
at io.cucumber.core.resource.PathScanner$ResourceFileVisitor.visitFile(PathScanner.java:75)
at io.cucumber.core.resource.PathScanner$ResourceFileVisitor.visitFile(PathScanner.java:60)
at java.base/java.nio.file.Files.walkFileTree(Files.java:2811)
at io.cucumber.core.resource.PathScanner.findResourcesForPath(PathScanner.java:53)
at io.cucumber.core.resource.PathScanner.findResourcesForUri(PathScanner.java:31)
at io.cucumber.core.resource.ResourceScanner.findResourcesForUri(ResourceScanner.java:61)
at io.cucumber.core.resource.ResourceScanner.scanForResourcesUri(ResourceScanner.java:134)
at io.cucumber.core.runtime.FeaturePathFeatureSupplier.loadFeatures(FeaturePathFeatureSupplier.java:62)
at io.cucumber.core.runtime.FeaturePathFeatureSupplier.get(FeaturePathFeatureSupplier.java:45)
at io.cucumber.testng.TestNGCucumberRunner.<init>(TestNGCucumberRunner.java:122)
at io.cucumber.testng.AbstractTestNGCucumberTests.setUpClass(AbstractTestNGCucumberTests.java:27)
at java.base/java.util.ArrayList.forEach(ArrayList.java:1511)
at java.base/java.util.concurrent.FutureTask.run(FutureTask.java:264)
at java.base/java.util.concurrent.ThreadPoolExecutor.runWorker(ThreadPoolExecutor.java:1136)
at java.base/java.util.concurrent.ThreadPoolExecutor$Worker.run(ThreadPoolExecutor.java:635)
at java.base/java.lang.Thread.run(Thread.java:833)
... Removed 15 stack frames]]>
    </failure>
  </testcase> <!-- @BeforeClass setUpClass -->
</testsuite> <!-- CucumberTests -->
